3.8234 	WARNING 	We strongly recommend you activate the PTB sound engine in PsychoPy prefs as the preferred audio engine. Its timing is vastly superior. Your prefs are currently set to use ['sounddevice', 'PTB', 'pyo', 'pygame'] (in that order).
18.8275 	WARNING 	User requested fullscreen with size [1024  768], but screen is actually [1536, 1024]. Using actual size
21.1829 	EXP 	Created window1 = Window(allowGUI=True, allowStencil=False, autoLog=True, backendConf=UNKNOWN, bitsMode=UNKNOWN, blendMode='avg', bpc=(8, 8, 8), color=array([0, 0, 0]), colorSpace='rgb', depthBits=8, fullscr=<method-wrapper '__getattribute__' of attributeSetter object at 0x000001DE9905CE50>, gamma=None, gammaErrorPolicy='raise', lms=UNKNOWN, monitor=<psychopy.monitors.calibTools.Monitor object at 0x000001DE9C02D9A0>, multiSample=False, name='window1', numSamples=2, pos=(0, 0), screen=0, size=array([1536, 1024]), stencilBits=0, stereo=False, units='height', useFBO=True, useRetina=False, viewOri=0.0, viewPos=None, viewScale=None, waitBlanking=True, winType='pyglet')
21.1831 	EXP 	window1: mouseVisible = True
21.1833 	EXP 	window1: mouseVisible = False
21.1834 	EXP 	window1: Attempting to measure frame rate of screen (0) ...
21.1834 	EXP 	window1: recordFrameIntervals = False
21.3479 	EXP 	window1: recordFrameIntervals = True
21.5316 	EXP 	Screen (0) actual frame rate measured at 59.96Hz
21.5316 	EXP 	window1: recordFrameIntervals = False
25.2188 	EXP 	Created fixation = ShapeStim(__class__=<class 'psychopy.visual.shape.ShapeStim'>, anchor=('center', 'center'), autoDraw=False, autoLog=True, closeShape=True, color=method-wrapper(...), colorSpace='rgb', contrast=None, depth=0.0, fillColor=array([1, 1, 1]), fillColorSpace='rgb', fillRGB=array([1, 1, 1]), interpolate=True, lineColor=array([1., 1., 1.]), lineColorSpace='rgb', lineRGB=array([1, 1, 1]), lineWidth=1.0, name='fixation', opacity=1.0, ori=0.0, pos=array([0., 0.]), size=array([10., 10.]), units='pix', vertices=ndarray(...), win=Window(...), windingRule=None)
25.2456 	EXP 	Created grating = GratingStim(__class__=<class 'psychopy.visual.grating.GratingStim'>, anchor='center', autoDraw=False, autoLog=True, blendmode='avg', color=array([0.3, 0.3, 0.3]), colorSpace='rgb', contrast=0.3, depth=-1.0, interpolate=True, mask='gauss', maskParams=None, name='grating', opacity=1.0, ori=1.0, phase=array([0., 0.]), pos=array([0., 0.]), rgbPedestal=array([0., 0., 0.]), sf=array([5., 5.]), size=array([0.2, 0.2]), tex='sin', texRes=128.0, units='height', win=Window(...))
25.2486 	EXP 	Created sequence: random, trialTypes=1, nReps=100, seed=None
25.2496 	EXP 	New trial (rep=0, index=0): None
25.2755 	EXP 	grating: ori = -2.0
25.2755 	EXP 	fixation: autoDraw = True
26.3140 	EXP 	grating: autoDraw = True
26.3140 	EXP 	grating: tex = 'sin'
26.3199 	EXP 	fixation: autoDraw = False
26.6149 	EXP 	grating: autoDraw = False
27.1536 	EXP 	New trial (rep=1, index=0): None
27.1573 	DATA 	Keypress: up
27.1648 	EXP 	fixation: autoDraw = False
27.1648 	EXP 	grating: autoDraw = False
27.1648 	EXP 	grating: ori = 1.0
27.1648 	EXP 	fixation: autoDraw = True
28.1650 	EXP 	fixation: autoDraw = False
28.1650 	EXP 	grating: autoDraw = True
28.4648 	EXP 	grating: autoDraw = False
28.7370 	EXP 	New trial (rep=2, index=0): None
28.7413 	DATA 	Keypress: up
28.7480 	EXP 	fixation: autoDraw = False
28.7480 	EXP 	grating: autoDraw = False
28.7480 	EXP 	grating: ori = 0.0
28.7480 	EXP 	fixation: autoDraw = True
29.7486 	EXP 	fixation: autoDraw = False
29.7486 	EXP 	grating: autoDraw = True
30.0482 	EXP 	grating: autoDraw = False
30.2364 	EXP 	New trial (rep=3, index=0): None
30.2406 	DATA 	Keypress: down
30.2479 	EXP 	fixation: autoDraw = False
30.2479 	EXP 	grating: autoDraw = False
30.2479 	EXP 	grating: ori = 0.0
30.2479 	EXP 	fixation: autoDraw = True
31.2486 	EXP 	fixation: autoDraw = False
31.2486 	EXP 	grating: autoDraw = True
31.5484 	EXP 	grating: autoDraw = False
31.6376 	EXP 	New trial (rep=4, index=0): None
31.6412 	DATA 	Keypress: up
31.6484 	EXP 	fixation: autoDraw = False
31.6484 	EXP 	grating: autoDraw = False
31.6484 	EXP 	grating: ori = 0.0
31.6484 	EXP 	fixation: autoDraw = True
32.6483 	EXP 	fixation: autoDraw = False
32.6483 	EXP 	grating: autoDraw = True
32.9483 	EXP 	grating: autoDraw = False
33.0566 	EXP 	New trial (rep=5, index=0): None
33.0606 	DATA 	Keypress: down
33.0652 	EXP 	fixation: autoDraw = False
33.0652 	EXP 	grating: autoDraw = False
33.0652 	EXP 	grating: ori = 0.0
33.0652 	EXP 	fixation: autoDraw = True
34.0652 	EXP 	fixation: autoDraw = False
34.0652 	EXP 	grating: autoDraw = True
34.3654 	EXP 	grating: autoDraw = False
34.4678 	DATA 	Keypress: up
34.4870 	EXP 	New trial (rep=6, index=0): None
34.4983 	EXP 	fixation: autoDraw = False
34.4983 	EXP 	grating: autoDraw = False
34.4983 	EXP 	grating: ori = -2.0
34.4983 	EXP 	fixation: autoDraw = True
35.4986 	EXP 	fixation: autoDraw = False
35.4986 	EXP 	grating: autoDraw = True
35.7985 	EXP 	grating: autoDraw = False
36.1871 	EXP 	New trial (rep=7, index=0): None
36.1912 	DATA 	Keypress: down
36.1986 	EXP 	fixation: autoDraw = False
36.1986 	EXP 	grating: autoDraw = False
36.1986 	EXP 	grating: ori = 0.0
36.1986 	EXP 	fixation: autoDraw = True
37.1985 	EXP 	fixation: autoDraw = False
37.1985 	EXP 	grating: autoDraw = True
37.4985 	EXP 	grating: autoDraw = False
37.7547 	EXP 	New trial (rep=8, index=0): None
37.7593 	DATA 	Keypress: up
37.7650 	EXP 	fixation: autoDraw = False
37.7650 	EXP 	grating: autoDraw = False
37.7650 	EXP 	grating: ori = 0.0
37.7650 	EXP 	fixation: autoDraw = True
38.7653 	EXP 	fixation: autoDraw = False
38.7653 	EXP 	grating: autoDraw = True
39.0653 	EXP 	grating: autoDraw = False
39.2721 	EXP 	New trial (rep=9, index=0): None
39.2757 	DATA 	Keypress: up
39.2818 	EXP 	fixation: autoDraw = False
39.2818 	EXP 	grating: autoDraw = False
39.2818 	EXP 	grating: ori = -4.0
39.2818 	EXP 	fixation: autoDraw = True
40.2820 	EXP 	fixation: autoDraw = False
40.2820 	EXP 	grating: autoDraw = True
40.5819 	EXP 	grating: autoDraw = False
40.8051 	EXP 	New trial (rep=10, index=0): None
40.8083 	DATA 	Keypress: down
40.8182 	EXP 	fixation: autoDraw = False
40.8182 	EXP 	grating: autoDraw = False
40.8182 	EXP 	grating: ori = 1.0
40.8182 	EXP 	fixation: autoDraw = True
41.8158 	EXP 	grating: autoDraw = True
41.8320 	EXP 	fixation: autoDraw = False
42.1155 	EXP 	grating: autoDraw = False
48.7190 	DATA 	Keypress: down
48.7380 	EXP 	New trial (rep=11, index=0): None
48.7489 	EXP 	fixation: autoDraw = False
48.7489 	EXP 	grating: autoDraw = False
48.7489 	EXP 	grating: ori = 3.0
48.7489 	EXP 	fixation: autoDraw = True
49.7495 	EXP 	fixation: autoDraw = False
49.7495 	EXP 	grating: autoDraw = True
50.0492 	EXP 	grating: autoDraw = False
50.3390 	EXP 	New trial (rep=12, index=0): None
50.3426 	DATA 	Keypress: up
50.3494 	EXP 	fixation: autoDraw = False
50.3494 	EXP 	grating: autoDraw = False
50.3494 	EXP 	grating: ori = 0.0
50.3494 	EXP 	fixation: autoDraw = True
51.3492 	EXP 	fixation: autoDraw = False
51.3492 	EXP 	grating: autoDraw = True
51.6491 	EXP 	grating: autoDraw = False
52.0045 	EXP 	New trial (rep=13, index=0): None
52.0089 	DATA 	Keypress: up
52.0158 	EXP 	fixation: autoDraw = False
52.0158 	EXP 	grating: autoDraw = False
52.0158 	EXP 	grating: ori = 0.0
52.0158 	EXP 	fixation: autoDraw = True
53.0158 	EXP 	fixation: autoDraw = False
53.0158 	EXP 	grating: autoDraw = True
53.3157 	EXP 	grating: autoDraw = False
53.6062 	EXP 	New trial (rep=14, index=0): None
53.6101 	DATA 	Keypress: up
53.6156 	EXP 	fixation: autoDraw = False
53.6156 	EXP 	grating: autoDraw = False
53.6156 	EXP 	grating: ori = -3.0
53.6156 	EXP 	fixation: autoDraw = True
54.6160 	EXP 	fixation: autoDraw = False
54.6160 	EXP 	grating: autoDraw = True
54.9157 	EXP 	grating: autoDraw = False
55.1383 	EXP 	New trial (rep=15, index=0): None
55.1422 	DATA 	Keypress: up
55.1492 	EXP 	fixation: autoDraw = False
55.1492 	EXP 	grating: autoDraw = False
55.1492 	EXP 	grating: ori = 4.0
55.1492 	EXP 	fixation: autoDraw = True
56.1492 	EXP 	fixation: autoDraw = False
56.1492 	EXP 	grating: autoDraw = True
56.4383 	EXP 	New trial (rep=16, index=0): None
56.4418 	DATA 	Keypress: down
56.4495 	EXP 	grating: autoDraw = False
56.4495 	EXP 	fixation: autoDraw = False
56.4495 	EXP 	grating: autoDraw = False
56.4495 	EXP 	grating: ori = -3.0
56.4495 	EXP 	fixation: autoDraw = True
57.4498 	EXP 	fixation: autoDraw = False
57.4498 	EXP 	grating: autoDraw = True
57.7493 	EXP 	grating: autoDraw = False
58.1247 	EXP 	New trial (rep=17, index=0): None
58.1290 	DATA 	Keypress: down
58.1325 	EXP 	fixation: autoDraw = False
58.1325 	EXP 	grating: autoDraw = False
58.1325 	EXP 	grating: ori = -2.0
58.1325 	EXP 	fixation: autoDraw = True
59.1333 	EXP 	fixation: autoDraw = False
59.1333 	EXP 	grating: autoDraw = True
59.4328 	EXP 	grating: autoDraw = False
59.5563 	EXP 	New trial (rep=18, index=0): None
59.5603 	DATA 	Keypress: down
59.5661 	EXP 	fixation: autoDraw = False
59.5661 	EXP 	grating: autoDraw = False
59.5661 	EXP 	grating: ori = 0.0
59.5661 	EXP 	fixation: autoDraw = True
60.5659 	EXP 	fixation: autoDraw = False
60.5659 	EXP 	grating: autoDraw = True
60.8664 	EXP 	grating: autoDraw = False
60.9724 	EXP 	New trial (rep=19, index=0): None
60.9758 	DATA 	Keypress: up
60.9828 	EXP 	fixation: autoDraw = False
60.9828 	EXP 	grating: autoDraw = False
60.9828 	EXP 	grating: ori = -2.0
60.9828 	EXP 	fixation: autoDraw = True
61.9830 	EXP 	fixation: autoDraw = False
61.9830 	EXP 	grating: autoDraw = True
62.2829 	EXP 	grating: autoDraw = False
62.3561 	EXP 	New trial (rep=20, index=0): None
62.3596 	DATA 	Keypress: up
62.3663 	EXP 	fixation: autoDraw = False
62.3663 	EXP 	grating: autoDraw = False
62.3663 	EXP 	grating: ori = 0.0
62.3663 	EXP 	fixation: autoDraw = True
63.3667 	EXP 	fixation: autoDraw = False
63.3667 	EXP 	grating: autoDraw = True
63.6661 	EXP 	grating: autoDraw = False
63.6727 	EXP 	New trial (rep=21, index=0): None
63.6768 	DATA 	Keypress: down
63.6826 	EXP 	fixation: autoDraw = False
63.6826 	EXP 	grating: autoDraw = False
63.6826 	EXP 	grating: ori = 0.0
63.6826 	EXP 	fixation: autoDraw = True
64.6830 	EXP 	fixation: autoDraw = False
64.6830 	EXP 	grating: autoDraw = True
64.9391 	EXP 	New trial (rep=22, index=0): None
64.9426 	DATA 	Keypress: up
64.9499 	EXP 	fixation: autoDraw = False
64.9499 	EXP 	grating: autoDraw = False
64.9499 	EXP 	grating: ori = -3.0
64.9499 	EXP 	fixation: autoDraw = True
65.9498 	EXP 	fixation: autoDraw = False
65.9498 	EXP 	grating: autoDraw = True
66.2497 	EXP 	grating: autoDraw = False
66.5401 	EXP 	New trial (rep=23, index=0): None
66.5442 	DATA 	Keypress: down
66.5500 	EXP 	fixation: autoDraw = False
66.5500 	EXP 	grating: autoDraw = False
66.5500 	EXP 	grating: ori = -4.0
66.5500 	EXP 	fixation: autoDraw = True
67.5499 	EXP 	fixation: autoDraw = False
67.5499 	EXP 	grating: autoDraw = True
67.8503 	EXP 	grating: autoDraw = False
68.0222 	EXP 	New trial (rep=24, index=0): None
68.0262 	DATA 	Keypress: down
68.0329 	EXP 	fixation: autoDraw = False
68.0329 	EXP 	grating: autoDraw = False
68.0329 	EXP 	grating: ori = 0.0
68.0329 	EXP 	fixation: autoDraw = True
69.0332 	EXP 	fixation: autoDraw = False
69.0332 	EXP 	grating: autoDraw = True
69.3329 	EXP 	grating: autoDraw = False
69.3887 	EXP 	New trial (rep=25, index=0): None
69.3925 	DATA 	Keypress: down
69.3998 	EXP 	fixation: autoDraw = False
69.3998 	EXP 	grating: autoDraw = False
69.3998 	EXP 	grating: ori = 0.0
69.3998 	EXP 	fixation: autoDraw = True
70.4001 	EXP 	fixation: autoDraw = False
70.4001 	EXP 	grating: autoDraw = True
70.7000 	EXP 	grating: autoDraw = False
70.7080 	EXP 	New trial (rep=26, index=0): None
70.7118 	DATA 	Keypress: up
70.7164 	EXP 	fixation: autoDraw = False
70.7164 	EXP 	grating: autoDraw = False
70.7164 	EXP 	grating: ori = 1.0
70.7164 	EXP 	fixation: autoDraw = True
71.7168 	EXP 	fixation: autoDraw = False
71.7168 	EXP 	grating: autoDraw = True
72.0165 	EXP 	grating: autoDraw = False
72.0563 	EXP 	New trial (rep=27, index=0): None
72.0601 	DATA 	Keypress: up
72.0666 	EXP 	fixation: autoDraw = False
72.0666 	EXP 	grating: autoDraw = False
72.0666 	EXP 	grating: ori = 0.0
72.0666 	EXP 	fixation: autoDraw = True
73.0670 	EXP 	fixation: autoDraw = False
73.0670 	EXP 	grating: autoDraw = True
73.3667 	EXP 	grating: autoDraw = False
73.3738 	EXP 	New trial (rep=28, index=0): None
73.3775 	DATA 	Keypress: down
73.3832 	EXP 	fixation: autoDraw = False
73.3832 	EXP 	grating: autoDraw = False
73.3832 	EXP 	grating: ori = 2.0
73.3832 	EXP 	fixation: autoDraw = True
74.3834 	EXP 	fixation: autoDraw = False
74.3834 	EXP 	grating: autoDraw = True
74.6579 	EXP 	New trial (rep=29, index=0): None
74.6616 	DATA 	Keypress: up
74.6668 	EXP 	fixation: autoDraw = False
74.6668 	EXP 	grating: autoDraw = False
74.6668 	EXP 	grating: ori = -2.0
74.6668 	EXP 	fixation: autoDraw = True
75.6668 	EXP 	fixation: autoDraw = False
75.6668 	EXP 	grating: autoDraw = True
75.9562 	EXP 	New trial (rep=30, index=0): None
75.9602 	DATA 	Keypress: down
75.9665 	EXP 	grating: autoDraw = False
75.9665 	EXP 	fixation: autoDraw = False
75.9665 	EXP 	grating: autoDraw = False
75.9665 	EXP 	grating: ori = 0.0
75.9665 	EXP 	fixation: autoDraw = True
76.9670 	EXP 	fixation: autoDraw = False
76.9670 	EXP 	grating: autoDraw = True
77.2671 	EXP 	grating: autoDraw = False
77.3393 	EXP 	New trial (rep=31, index=0): None
77.3426 	DATA 	Keypress: down
77.3502 	EXP 	fixation: autoDraw = False
77.3502 	EXP 	grating: autoDraw = False
77.3502 	EXP 	grating: ori = 0.0
77.3502 	EXP 	fixation: autoDraw = True
78.3504 	EXP 	fixation: autoDraw = False
78.3504 	EXP 	grating: autoDraw = True
78.6502 	EXP 	grating: autoDraw = False
78.6746 	EXP 	New trial (rep=32, index=0): None
78.6784 	DATA 	Keypress: up
78.6835 	EXP 	fixation: autoDraw = False
78.6835 	EXP 	grating: autoDraw = False
78.6835 	EXP 	grating: ori = 0.0
78.6835 	EXP 	fixation: autoDraw = True
79.6837 	EXP 	fixation: autoDraw = False
79.6837 	EXP 	grating: autoDraw = True
79.9838 	EXP 	grating: autoDraw = False
80.0566 	EXP 	New trial (rep=33, index=0): None
80.0599 	DATA 	Keypress: up
80.0669 	EXP 	fixation: autoDraw = False
80.0669 	EXP 	grating: autoDraw = False
80.0669 	EXP 	grating: ori = 0.0
80.0669 	EXP 	fixation: autoDraw = True
81.0671 	EXP 	fixation: autoDraw = False
81.0671 	EXP 	grating: autoDraw = True
81.3675 	EXP 	grating: autoDraw = False
81.5057 	EXP 	New trial (rep=34, index=0): None
81.5098 	DATA 	Keypress: up
81.5175 	EXP 	fixation: autoDraw = False
81.5175 	EXP 	grating: autoDraw = False
81.5175 	EXP 	grating: ori = -2.0
81.5175 	EXP 	fixation: autoDraw = True
82.5175 	EXP 	fixation: autoDraw = False
82.5175 	EXP 	grating: autoDraw = True
82.8174 	EXP 	grating: autoDraw = False
82.9210 	DATA 	Keypress: down
82.9389 	EXP 	New trial (rep=35, index=0): None
82.9504 	EXP 	fixation: autoDraw = False
82.9504 	EXP 	grating: autoDraw = False
82.9504 	EXP 	grating: ori = 1.0
82.9504 	EXP 	fixation: autoDraw = True
83.9506 	EXP 	fixation: autoDraw = False
83.9506 	EXP 	grating: autoDraw = True
84.2507 	EXP 	grating: autoDraw = False
84.4559 	EXP 	New trial (rep=36, index=0): None
84.4642 	DATA 	Keypress: up
84.4670 	EXP 	fixation: autoDraw = False
84.4670 	EXP 	grating: autoDraw = False
84.4670 	EXP 	grating: ori = 0.0
84.4670 	EXP 	fixation: autoDraw = True
85.4676 	EXP 	fixation: autoDraw = False
85.4676 	EXP 	grating: autoDraw = True
85.7673 	EXP 	grating: autoDraw = False
85.8078 	EXP 	New trial (rep=37, index=0): None
85.8124 	DATA 	Keypress: down
85.8170 	EXP 	fixation: autoDraw = False
85.8170 	EXP 	grating: autoDraw = False
85.8170 	EXP 	grating: ori = 2.0
85.8170 	EXP 	fixation: autoDraw = True
86.8176 	EXP 	fixation: autoDraw = False
86.8176 	EXP 	grating: autoDraw = True
87.1176 	EXP 	grating: autoDraw = False
87.1229 	EXP 	New trial (rep=38, index=0): None
87.1263 	DATA 	Keypress: up
87.1341 	EXP 	fixation: autoDraw = False
87.1341 	EXP 	grating: autoDraw = False
87.1341 	EXP 	grating: ori = 2.0
87.1341 	EXP 	fixation: autoDraw = True
88.1340 	EXP 	fixation: autoDraw = False
88.1340 	EXP 	grating: autoDraw = True
88.4340 	EXP 	grating: autoDraw = False
88.6075 	EXP 	New trial (rep=39, index=0): None
88.6116 	DATA 	Keypress: up
88.6173 	EXP 	fixation: autoDraw = False
88.6173 	EXP 	grating: autoDraw = False
88.6173 	EXP 	grating: ori = -2.0
88.6173 	EXP 	fixation: autoDraw = True
89.6176 	EXP 	fixation: autoDraw = False
89.6176 	EXP 	grating: autoDraw = True
89.9174 	EXP 	grating: autoDraw = False
89.9736 	EXP 	New trial (rep=40, index=0): None
89.9794 	DATA 	Keypress: up
89.9840 	EXP 	fixation: autoDraw = False
89.9840 	EXP 	grating: autoDraw = False
89.9840 	EXP 	grating: ori = -3.0
89.9840 	EXP 	fixation: autoDraw = True
90.9846 	EXP 	fixation: autoDraw = False
90.9846 	EXP 	grating: autoDraw = True
91.2846 	EXP 	grating: autoDraw = False
91.4732 	EXP 	New trial (rep=41, index=0): None
91.4779 	DATA 	Keypress: down
91.4841 	EXP 	fixation: autoDraw = False
91.4841 	EXP 	grating: autoDraw = False
91.4841 	EXP 	grating: ori = 4.0
91.4841 	EXP 	fixation: autoDraw = True
92.4843 	EXP 	fixation: autoDraw = False
92.4843 	EXP 	grating: autoDraw = True
92.7843 	EXP 	grating: autoDraw = False
92.8254 	EXP 	New trial (rep=42, index=0): None
92.8294 	DATA 	Keypress: down
92.8340 	EXP 	fixation: autoDraw = False
92.8340 	EXP 	grating: autoDraw = False
92.8340 	EXP 	grating: ori = -5.0
92.8340 	EXP 	fixation: autoDraw = True
93.8345 	EXP 	fixation: autoDraw = False
93.8345 	EXP 	grating: autoDraw = True
94.1344 	EXP 	grating: autoDraw = False
94.2894 	EXP 	New trial (rep=43, index=0): None
94.2935 	DATA 	Keypress: down
94.3007 	EXP 	fixation: autoDraw = False
94.3007 	EXP 	grating: autoDraw = False
94.3007 	EXP 	grating: ori = 0.0
94.3007 	EXP 	fixation: autoDraw = True
95.3012 	EXP 	fixation: autoDraw = False
95.3012 	EXP 	grating: autoDraw = True
95.6015 	EXP 	grating: autoDraw = False
95.8575 	EXP 	New trial (rep=44, index=0): None
95.8613 	DATA 	Keypress: up
95.8676 	EXP 	fixation: autoDraw = False
95.8676 	EXP 	grating: autoDraw = False
95.8676 	EXP 	grating: ori = 0.0
95.8676 	EXP 	fixation: autoDraw = True
96.8682 	EXP 	fixation: autoDraw = False
96.8682 	EXP 	grating: autoDraw = True
97.1680 	EXP 	grating: autoDraw = False
97.1906 	EXP 	New trial (rep=45, index=0): None
97.1941 	DATA 	Keypress: down
97.2009 	EXP 	fixation: autoDraw = False
97.2009 	EXP 	grating: autoDraw = False
97.2009 	EXP 	grating: ori = 0.0
97.2009 	EXP 	fixation: autoDraw = True
98.2014 	EXP 	fixation: autoDraw = False
98.2014 	EXP 	grating: autoDraw = True
98.5010 	EXP 	grating: autoDraw = False
98.5906 	DATA 	Keypress: down
98.6068 	EXP 	New trial (rep=46, index=0): None
98.6178 	EXP 	fixation: autoDraw = False
98.6178 	EXP 	grating: autoDraw = False
98.6178 	EXP 	grating: ori = 3.0
98.6178 	EXP 	fixation: autoDraw = True
99.6183 	EXP 	fixation: autoDraw = False
99.6183 	EXP 	grating: autoDraw = True
99.9180 	EXP 	grating: autoDraw = False
100.0065 	DATA 	Keypress: down
100.0233 	EXP 	New trial (rep=47, index=0): None
100.0347 	EXP 	fixation: autoDraw = False
100.0347 	EXP 	grating: autoDraw = False
100.0347 	EXP 	grating: ori = 0.0
100.0347 	EXP 	fixation: autoDraw = True
101.0344 	EXP 	fixation: autoDraw = False
101.0344 	EXP 	grating: autoDraw = True
101.3346 	EXP 	grating: autoDraw = False
101.4234 	EXP 	New trial (rep=48, index=0): None
101.4277 	DATA 	Keypress: down
101.4348 	EXP 	fixation: autoDraw = False
101.4348 	EXP 	grating: autoDraw = False
101.4348 	EXP 	grating: ori = 0.0
101.4348 	EXP 	fixation: autoDraw = True
102.4343 	EXP 	fixation: autoDraw = False
102.4343 	EXP 	grating: autoDraw = True
102.7342 	EXP 	grating: autoDraw = False
102.8059 	EXP 	New trial (rep=49, index=0): None
102.8094 	DATA 	Keypress: up
102.8177 	EXP 	fixation: autoDraw = False
102.8177 	EXP 	grating: autoDraw = False
102.8177 	EXP 	grating: ori = -4.0
102.8177 	EXP 	fixation: autoDraw = True
103.8182 	EXP 	fixation: autoDraw = False
103.8182 	EXP 	grating: autoDraw = True
104.1183 	EXP 	grating: autoDraw = False
104.2032 	EXP 	New trial (rep=50, index=0): None
104.2074 	DATA 	Keypress: up
104.2097 	EXP 	fixation: autoDraw = False
104.2097 	EXP 	grating: autoDraw = False
104.2097 	EXP 	grating: ori = -5.0
104.2097 	EXP 	fixation: autoDraw = True
105.2018 	EXP 	grating: autoDraw = True
105.2186 	EXP 	fixation: autoDraw = False
105.5016 	EXP 	grating: autoDraw = False
105.5899 	EXP 	New trial (rep=51, index=0): None
105.5937 	DATA 	Keypress: down
105.6013 	EXP 	fixation: autoDraw = False
105.6013 	EXP 	grating: autoDraw = False
105.6013 	EXP 	grating: ori = 4.0
105.6013 	EXP 	fixation: autoDraw = True
106.6016 	EXP 	fixation: autoDraw = False
106.6016 	EXP 	grating: autoDraw = True
106.9016 	EXP 	grating: autoDraw = False
107.1908 	EXP 	New trial (rep=52, index=0): None
107.1960 	DATA 	Keypress: up
107.2018 	EXP 	fixation: autoDraw = False
107.2018 	EXP 	grating: autoDraw = False
107.2018 	EXP 	grating: ori = 4.0
107.2018 	EXP 	fixation: autoDraw = True
108.2019 	EXP 	fixation: autoDraw = False
108.2019 	EXP 	grating: autoDraw = True
108.5018 	EXP 	grating: autoDraw = False
108.5746 	DATA 	Keypress: down
108.5907 	EXP 	New trial (rep=53, index=0): None
108.6015 	EXP 	fixation: autoDraw = False
108.6015 	EXP 	grating: autoDraw = False
108.6015 	EXP 	grating: ori = 0.0
108.6015 	EXP 	fixation: autoDraw = True
109.6016 	EXP 	fixation: autoDraw = False
109.6016 	EXP 	grating: autoDraw = True
109.9017 	EXP 	grating: autoDraw = False
110.2909 	EXP 	New trial (rep=54, index=0): None
110.2946 	DATA 	Keypress: up
110.3018 	EXP 	fixation: autoDraw = False
110.3018 	EXP 	grating: autoDraw = False
110.3018 	EXP 	grating: ori = -4.0
110.3018 	EXP 	fixation: autoDraw = True
111.3021 	EXP 	fixation: autoDraw = False
111.3021 	EXP 	grating: autoDraw = True
111.6017 	EXP 	grating: autoDraw = False
111.6918 	EXP 	New trial (rep=55, index=0): None
111.6966 	DATA 	Keypress: down
111.7017 	EXP 	fixation: autoDraw = False
111.7017 	EXP 	grating: autoDraw = False
111.7017 	EXP 	grating: ori = -5.0
111.7017 	EXP 	fixation: autoDraw = True
112.7020 	EXP 	fixation: autoDraw = False
112.7020 	EXP 	grating: autoDraw = True
113.0021 	EXP 	grating: autoDraw = False
113.0752 	EXP 	New trial (rep=56, index=0): None
113.0790 	DATA 	Keypress: down
113.0851 	EXP 	fixation: autoDraw = False
113.0851 	EXP 	grating: autoDraw = False
113.0851 	EXP 	grating: ori = 0.0
113.0851 	EXP 	fixation: autoDraw = True
114.0854 	EXP 	fixation: autoDraw = False
114.0854 	EXP 	grating: autoDraw = True
114.3852 	EXP 	grating: autoDraw = False
114.5588 	EXP 	New trial (rep=57, index=0): None
114.5623 	DATA 	Keypress: up
114.5686 	EXP 	fixation: autoDraw = False
114.5686 	EXP 	grating: autoDraw = False
114.5686 	EXP 	grating: ori = 0.0
114.5686 	EXP 	fixation: autoDraw = True
115.5688 	EXP 	fixation: autoDraw = False
115.5688 	EXP 	grating: autoDraw = True
115.8684 	EXP 	grating: autoDraw = False
116.0923 	EXP 	New trial (rep=58, index=0): None
116.0960 	DATA 	Keypress: up
116.1019 	EXP 	fixation: autoDraw = False
116.1019 	EXP 	grating: autoDraw = False
116.1019 	EXP 	grating: ori = -5.0
116.1019 	EXP 	fixation: autoDraw = True
117.1025 	EXP 	fixation: autoDraw = False
117.1025 	EXP 	grating: autoDraw = True
117.4021 	EXP 	grating: autoDraw = False
117.6056 	DATA 	Keypress: down
117.6250 	EXP 	New trial (rep=59, index=0): None
117.6352 	EXP 	fixation: autoDraw = False
117.6352 	EXP 	grating: autoDraw = False
117.6352 	EXP 	grating: ori = 4.0
117.6352 	EXP 	fixation: autoDraw = True
118.6357 	EXP 	fixation: autoDraw = False
118.6357 	EXP 	grating: autoDraw = True
118.9352 	EXP 	grating: autoDraw = False
119.0110 	EXP 	New trial (rep=60, index=0): None
119.0147 	DATA 	Keypress: down
119.0189 	EXP 	fixation: autoDraw = False
119.0189 	EXP 	grating: autoDraw = False
119.0189 	EXP 	grating: ori = 0.0
119.0189 	EXP 	fixation: autoDraw = True
120.0190 	EXP 	fixation: autoDraw = False
120.0190 	EXP 	grating: autoDraw = True
120.3187 	EXP 	grating: autoDraw = False
120.5588 	EXP 	New trial (rep=61, index=0): None
120.5626 	DATA 	Keypress: up
120.5687 	EXP 	fixation: autoDraw = False
120.5687 	EXP 	grating: autoDraw = False
120.5687 	EXP 	grating: ori = 0.0
120.5687 	EXP 	fixation: autoDraw = True
121.5695 	EXP 	fixation: autoDraw = False
121.5695 	EXP 	grating: autoDraw = True
121.8689 	EXP 	grating: autoDraw = False
121.9922 	EXP 	New trial (rep=62, index=0): None
121.9960 	DATA 	Keypress: up
122.0023 	EXP 	fixation: autoDraw = False
122.0023 	EXP 	grating: autoDraw = False
122.0023 	EXP 	grating: ori = 3.0
122.0023 	EXP 	fixation: autoDraw = True
123.0025 	EXP 	fixation: autoDraw = False
123.0025 	EXP 	grating: autoDraw = True
123.3022 	EXP 	grating: autoDraw = False
123.4748 	EXP 	New trial (rep=63, index=0): None
123.4792 	DATA 	Keypress: down
123.4859 	EXP 	fixation: autoDraw = False
123.4859 	EXP 	grating: autoDraw = False
123.4859 	EXP 	grating: ori = -3.0
123.4859 	EXP 	fixation: autoDraw = True
124.4858 	EXP 	fixation: autoDraw = False
124.4858 	EXP 	grating: autoDraw = True
124.7857 	EXP 	grating: autoDraw = False
124.8408 	EXP 	New trial (rep=64, index=0): None
124.8446 	DATA 	Keypress: down
124.8524 	EXP 	fixation: autoDraw = False
124.8524 	EXP 	grating: autoDraw = False
124.8524 	EXP 	grating: ori = 1.0
124.8524 	EXP 	fixation: autoDraw = True
125.8524 	EXP 	fixation: autoDraw = False
125.8524 	EXP 	grating: autoDraw = True
126.1527 	EXP 	grating: autoDraw = False
126.2599 	EXP 	New trial (rep=65, index=0): None
126.2638 	DATA 	Keypress: down
126.2690 	EXP 	fixation: autoDraw = False
126.2690 	EXP 	grating: autoDraw = False
126.2690 	EXP 	grating: ori = 1.0
126.2690 	EXP 	fixation: autoDraw = True
127.2691 	EXP 	fixation: autoDraw = False
127.2691 	EXP 	grating: autoDraw = True
127.5691 	EXP 	grating: autoDraw = False
127.6572 	DATA 	Keypress: up
127.6743 	EXP 	New trial (rep=66, index=0): None
127.6860 	EXP 	fixation: autoDraw = False
127.6860 	EXP 	grating: autoDraw = False
127.6860 	EXP 	grating: ori = -4.0
127.6860 	EXP 	fixation: autoDraw = True
128.6862 	EXP 	fixation: autoDraw = False
128.6862 	EXP 	grating: autoDraw = True
128.9864 	EXP 	grating: autoDraw = False
129.0928 	EXP 	New trial (rep=67, index=0): None
129.0969 	DATA 	Keypress: down
129.1029 	EXP 	fixation: autoDraw = False
129.1029 	EXP 	grating: autoDraw = False
129.1029 	EXP 	grating: ori = 0.0
129.1029 	EXP 	fixation: autoDraw = True
130.1027 	EXP 	fixation: autoDraw = False
130.1027 	EXP 	grating: autoDraw = True
130.4024 	EXP 	grating: autoDraw = False
130.7089 	EXP 	New trial (rep=68, index=0): None
130.7125 	DATA 	Keypress: up
130.7195 	EXP 	fixation: autoDraw = False
130.7195 	EXP 	grating: autoDraw = False
130.7195 	EXP 	grating: ori = 0.0
130.7195 	EXP 	fixation: autoDraw = True
131.7196 	EXP 	fixation: autoDraw = False
131.7196 	EXP 	grating: autoDraw = True
132.0195 	EXP 	grating: autoDraw = False
132.0912 	EXP 	New trial (rep=69, index=0): None
132.0946 	DATA 	Keypress: down
132.1025 	EXP 	fixation: autoDraw = False
132.1025 	EXP 	grating: autoDraw = False
132.1025 	EXP 	grating: ori = 0.0
132.1025 	EXP 	fixation: autoDraw = True
133.1030 	EXP 	fixation: autoDraw = False
133.1030 	EXP 	grating: autoDraw = True
133.4027 	EXP 	grating: autoDraw = False
133.5586 	EXP 	New trial (rep=70, index=0): None
133.5622 	DATA 	Keypress: down
133.5697 	EXP 	fixation: autoDraw = False
133.5697 	EXP 	grating: autoDraw = False
133.5697 	EXP 	grating: ori = -5.0
133.5697 	EXP 	fixation: autoDraw = True
134.5696 	EXP 	fixation: autoDraw = False
134.5696 	EXP 	grating: autoDraw = True
134.8698 	EXP 	grating: autoDraw = False
135.0593 	EXP 	New trial (rep=71, index=0): None
135.0626 	DATA 	Keypress: down
135.0694 	EXP 	fixation: autoDraw = False
135.0694 	EXP 	grating: autoDraw = False
135.0694 	EXP 	grating: ori = 2.0
135.0694 	EXP 	fixation: autoDraw = True
136.0695 	EXP 	fixation: autoDraw = False
136.0695 	EXP 	grating: autoDraw = True
136.3693 	EXP 	grating: autoDraw = False
136.4756 	EXP 	New trial (rep=72, index=0): None
136.4793 	DATA 	Keypress: down
136.4868 	EXP 	fixation: autoDraw = False
136.4868 	EXP 	grating: autoDraw = False
136.4868 	EXP 	grating: ori = -3.0
136.4868 	EXP 	fixation: autoDraw = True
137.4864 	EXP 	fixation: autoDraw = False
137.4864 	EXP 	grating: autoDraw = True
137.7866 	EXP 	grating: autoDraw = False
137.8549 	DATA 	Keypress: down
137.8742 	EXP 	New trial (rep=73, index=0): None
137.8860 	EXP 	fixation: autoDraw = False
137.8860 	EXP 	grating: autoDraw = False
137.8860 	EXP 	grating: ori = -4.0
137.8860 	EXP 	fixation: autoDraw = True
138.8867 	EXP 	fixation: autoDraw = False
138.8867 	EXP 	grating: autoDraw = True
139.1865 	EXP 	grating: autoDraw = False
139.2921 	EXP 	New trial (rep=74, index=0): None
139.2962 	DATA 	Keypress: down
139.3030 	EXP 	fixation: autoDraw = False
139.3030 	EXP 	grating: autoDraw = False
139.3030 	EXP 	grating: ori = 4.0
139.3030 	EXP 	fixation: autoDraw = True
140.3036 	EXP 	fixation: autoDraw = False
140.3036 	EXP 	grating: autoDraw = True
140.6031 	EXP 	grating: autoDraw = False
140.6560 	DATA 	Keypress: down
140.6763 	EXP 	New trial (rep=75, index=0): None
140.6864 	EXP 	fixation: autoDraw = False
140.6864 	EXP 	grating: autoDraw = False
140.6864 	EXP 	grating: ori = 0.0
140.6864 	EXP 	fixation: autoDraw = True
141.6867 	EXP 	fixation: autoDraw = False
141.6867 	EXP 	grating: autoDraw = True
141.9867 	EXP 	grating: autoDraw = False
142.1234 	DATA 	Keypress: up
142.1420 	EXP 	New trial (rep=76, index=0): None
142.1529 	EXP 	fixation: autoDraw = False
142.1529 	EXP 	grating: autoDraw = False
142.1529 	EXP 	grating: ori = 2.0
142.1529 	EXP 	fixation: autoDraw = True
143.1535 	EXP 	fixation: autoDraw = False
143.1535 	EXP 	grating: autoDraw = True
143.4534 	EXP 	grating: autoDraw = False
143.5766 	EXP 	New trial (rep=77, index=0): None
143.5804 	DATA 	Keypress: down
143.5867 	EXP 	fixation: autoDraw = False
143.5867 	EXP 	grating: autoDraw = False
143.5867 	EXP 	grating: ori = 0.0
143.5867 	EXP 	fixation: autoDraw = True
144.5866 	EXP 	fixation: autoDraw = False
144.5866 	EXP 	grating: autoDraw = True
144.8864 	EXP 	grating: autoDraw = False
145.0764 	EXP 	New trial (rep=78, index=0): None
145.0817 	DATA 	Keypress: up
145.0865 	EXP 	fixation: autoDraw = False
145.0865 	EXP 	grating: autoDraw = False
145.0865 	EXP 	grating: ori = -2.0
145.0865 	EXP 	fixation: autoDraw = True
146.0870 	EXP 	fixation: autoDraw = False
146.0870 	EXP 	grating: autoDraw = True
146.3866 	EXP 	grating: autoDraw = False
146.4756 	EXP 	New trial (rep=79, index=0): None
146.4792 	DATA 	Keypress: down
146.4869 	EXP 	fixation: autoDraw = False
146.4869 	EXP 	grating: autoDraw = False
146.4869 	EXP 	grating: ori = 0.0
146.4869 	EXP 	fixation: autoDraw = True
147.4870 	EXP 	fixation: autoDraw = False
147.4870 	EXP 	grating: autoDraw = True
147.7867 	EXP 	grating: autoDraw = False
148.1259 	EXP 	New trial (rep=80, index=0): None
148.1296 	DATA 	Keypress: down
148.1369 	EXP 	fixation: autoDraw = False
148.1369 	EXP 	grating: autoDraw = False
148.1369 	EXP 	grating: ori = -4.0
148.1369 	EXP 	fixation: autoDraw = True
149.1366 	EXP 	fixation: autoDraw = False
149.1366 	EXP 	grating: autoDraw = True
149.4368 	EXP 	grating: autoDraw = False
149.5944 	EXP 	New trial (rep=81, index=0): None
149.5982 	DATA 	Keypress: down
149.6037 	EXP 	fixation: autoDraw = False
149.6037 	EXP 	grating: autoDraw = False
149.6037 	EXP 	grating: ori = -5.0
149.6037 	EXP 	fixation: autoDraw = True
150.6038 	EXP 	fixation: autoDraw = False
150.6038 	EXP 	grating: autoDraw = True
150.9033 	EXP 	grating: autoDraw = False
150.9603 	EXP 	New trial (rep=82, index=0): None
150.9642 	DATA 	Keypress: down
150.9703 	EXP 	fixation: autoDraw = False
150.9703 	EXP 	grating: autoDraw = False
150.9703 	EXP 	grating: ori = 0.0
150.9703 	EXP 	fixation: autoDraw = True
151.9701 	EXP 	fixation: autoDraw = False
151.9701 	EXP 	grating: autoDraw = True
152.2702 	EXP 	grating: autoDraw = False
152.2927 	EXP 	New trial (rep=83, index=0): None
152.2965 	DATA 	Keypress: down
152.3036 	EXP 	fixation: autoDraw = False
152.3036 	EXP 	grating: autoDraw = False
152.3036 	EXP 	grating: ori = 0.0
152.3036 	EXP 	fixation: autoDraw = True
153.3038 	EXP 	fixation: autoDraw = False
153.3038 	EXP 	grating: autoDraw = True
153.5913 	DATA 	Keypress: up
153.6034 	EXP 	grating: autoDraw = False
153.6092 	EXP 	New trial (rep=84, index=0): None
153.6206 	EXP 	fixation: autoDraw = False
153.6206 	EXP 	grating: autoDraw = False
153.6206 	EXP 	grating: ori = -3.0
153.6206 	EXP 	fixation: autoDraw = True
154.6204 	EXP 	fixation: autoDraw = False
154.6204 	EXP 	grating: autoDraw = True
154.9205 	EXP 	grating: autoDraw = False
154.9950 	EXP 	New trial (rep=85, index=0): None
154.9985 	DATA 	Keypress: down
155.0037 	EXP 	fixation: autoDraw = False
155.0037 	EXP 	grating: autoDraw = False
155.0037 	EXP 	grating: ori = -5.0
155.0037 	EXP 	fixation: autoDraw = True
156.0039 	EXP 	fixation: autoDraw = False
156.0039 	EXP 	grating: autoDraw = True
156.3037 	EXP 	grating: autoDraw = False
156.5263 	EXP 	New trial (rep=86, index=0): None
156.5299 	DATA 	Keypress: down
156.5369 	EXP 	fixation: autoDraw = False
156.5369 	EXP 	grating: autoDraw = False
156.5369 	EXP 	grating: ori = -2.0
156.5369 	EXP 	fixation: autoDraw = True
157.5373 	EXP 	fixation: autoDraw = False
157.5373 	EXP 	grating: autoDraw = True
157.8375 	EXP 	grating: autoDraw = False
157.9266 	EXP 	New trial (rep=87, index=0): None
157.9310 	DATA 	Keypress: up
157.9370 	EXP 	fixation: autoDraw = False
157.9370 	EXP 	grating: autoDraw = False
157.9370 	EXP 	grating: ori = 0.0
157.9370 	EXP 	fixation: autoDraw = True
158.9372 	EXP 	fixation: autoDraw = False
158.9372 	EXP 	grating: autoDraw = True
159.2372 	EXP 	grating: autoDraw = False
159.6107 	DATA 	Keypress: up
159.6259 	EXP 	New trial (rep=88, index=0): None
159.6371 	EXP 	fixation: autoDraw = False
159.6371 	EXP 	grating: autoDraw = False
159.6371 	EXP 	grating: ori = 0.0
159.6371 	EXP 	fixation: autoDraw = True
160.6378 	EXP 	fixation: autoDraw = False
160.6378 	EXP 	grating: autoDraw = True
160.9375 	EXP 	grating: autoDraw = False
160.9944 	EXP 	New trial (rep=89, index=0): None
160.9987 	DATA 	Keypress: down
161.0040 	EXP 	fixation: autoDraw = False
161.0040 	EXP 	grating: autoDraw = False
161.0040 	EXP 	grating: ori = 0.0
161.0040 	EXP 	fixation: autoDraw = True
162.0041 	EXP 	fixation: autoDraw = False
162.0041 	EXP 	grating: autoDraw = True
162.3045 	EXP 	grating: autoDraw = False
162.4260 	EXP 	New trial (rep=90, index=0): None
162.4292 	DATA 	Keypress: down
162.4374 	EXP 	fixation: autoDraw = False
162.4374 	EXP 	grating: autoDraw = False
162.4374 	EXP 	grating: ori = -4.0
162.4374 	EXP 	fixation: autoDraw = True
163.4374 	EXP 	fixation: autoDraw = False
163.4374 	EXP 	grating: autoDraw = True
163.7373 	EXP 	grating: autoDraw = False
163.9767 	EXP 	New trial (rep=91, index=0): None
163.9843 	DATA 	Keypress: down
163.9872 	EXP 	fixation: autoDraw = False
163.9872 	EXP 	grating: autoDraw = False
163.9872 	EXP 	grating: ori = 2.0
163.9872 	EXP 	fixation: autoDraw = True
164.9877 	EXP 	fixation: autoDraw = False
164.9877 	EXP 	grating: autoDraw = True
165.2876 	EXP 	grating: autoDraw = False
165.3273 	EXP 	New trial (rep=92, index=0): None
165.3311 	DATA 	Keypress: down
165.3378 	EXP 	fixation: autoDraw = False
165.3378 	EXP 	grating: autoDraw = False
165.3378 	EXP 	grating: ori = -2.0
165.3378 	EXP 	fixation: autoDraw = True
166.3377 	EXP 	fixation: autoDraw = False
166.3377 	EXP 	grating: autoDraw = True
166.6372 	EXP 	grating: autoDraw = False
166.7108 	EXP 	New trial (rep=93, index=0): None
166.7148 	DATA 	Keypress: down
166.7208 	EXP 	fixation: autoDraw = False
166.7208 	EXP 	grating: autoDraw = False
166.7208 	EXP 	grating: ori = 0.0
166.7208 	EXP 	fixation: autoDraw = True
167.7209 	EXP 	fixation: autoDraw = False
167.7209 	EXP 	grating: autoDraw = True
168.0209 	EXP 	grating: autoDraw = False
168.2112 	EXP 	New trial (rep=94, index=0): None
168.2151 	DATA 	Keypress: down
168.2209 	EXP 	fixation: autoDraw = False
168.2209 	EXP 	grating: autoDraw = False
168.2209 	EXP 	grating: ori = -3.0
168.2209 	EXP 	fixation: autoDraw = True
169.2211 	EXP 	fixation: autoDraw = False
169.2211 	EXP 	grating: autoDraw = True
169.5214 	EXP 	grating: autoDraw = False
169.6599 	EXP 	New trial (rep=95, index=0): None
169.6638 	DATA 	Keypress: down
169.6710 	EXP 	fixation: autoDraw = False
169.6710 	EXP 	grating: autoDraw = False
169.6710 	EXP 	grating: ori = 0.0
169.6710 	EXP 	fixation: autoDraw = True
170.6711 	EXP 	fixation: autoDraw = False
170.6711 	EXP 	grating: autoDraw = True
170.9711 	EXP 	grating: autoDraw = False
171.4104 	EXP 	New trial (rep=96, index=0): None
171.4143 	DATA 	Keypress: up
171.4213 	EXP 	fixation: autoDraw = False
171.4213 	EXP 	grating: autoDraw = False
171.4213 	EXP 	grating: ori = 0.0
171.4213 	EXP 	fixation: autoDraw = True
172.4213 	EXP 	fixation: autoDraw = False
172.4213 	EXP 	grating: autoDraw = True
172.7216 	EXP 	grating: autoDraw = False
172.9600 	EXP 	New trial (rep=97, index=0): None
172.9635 	DATA 	Keypress: up
172.9713 	EXP 	fixation: autoDraw = False
172.9713 	EXP 	grating: autoDraw = False
172.9713 	EXP 	grating: ori = 0.0
172.9713 	EXP 	fixation: autoDraw = True
173.9714 	EXP 	fixation: autoDraw = False
173.9714 	EXP 	grating: autoDraw = True
174.2711 	EXP 	grating: autoDraw = False
174.4274 	EXP 	New trial (rep=98, index=0): None
174.4310 	DATA 	Keypress: up
174.4383 	EXP 	fixation: autoDraw = False
174.4383 	EXP 	grating: autoDraw = False
174.4383 	EXP 	grating: ori = -2.0
174.4383 	EXP 	fixation: autoDraw = True
175.4379 	EXP 	fixation: autoDraw = False
175.4379 	EXP 	grating: autoDraw = True
175.7380 	EXP 	grating: autoDraw = False
176.0438 	EXP 	New trial (rep=99, index=0): None
176.0477 	DATA 	Keypress: up
176.0548 	EXP 	fixation: autoDraw = False
176.0548 	EXP 	grating: autoDraw = False
176.0548 	EXP 	grating: ori = -2.0
176.0548 	EXP 	fixation: autoDraw = True
177.0546 	EXP 	fixation: autoDraw = False
177.0546 	EXP 	grating: autoDraw = True
177.3546 	EXP 	grating: autoDraw = False
177.6775 	DATA 	Keypress: up
177.6885 	EXP 	fixation: autoDraw = False
177.6885 	EXP 	grating: autoDraw = False
177.9967 	EXP 	window1: mouseVisible = True
